This file contains any messages produced by compilers while
running configure, to aid debugging if configure makes a mistake.

It was created by uncrustify configure 0.60, which was
generated by GNU Autoconf 2.69.  Invocation command line was

  $ ./configure 

## --------- ##
## Platform. ##
## --------- ##

hostname = nekoneko.local
uname -m = x86_64
uname -r = 13.0.0
uname -s = Darwin
uname -v = Darwin Kernel Version 13.0.0: Thu Sep 19 22:22:27 PDT 2013; root:xnu-2422.1.72~6/RELEASE_X86_64

/usr/bin/uname -p = i386
/bin/uname -X     = unknown

/bin/arch              = unknown
/usr/bin/arch -k       = unknown
/usr/convex/getsysinfo = unknown
/usr/bin/hostinfo      = Mach kernel version:
	 Darwin Kernel Version 13.0.0: Thu Sep 19 22:22:27 PDT 2013; root:xnu-2422.1.72~6/RELEASE_X86_64
Kernel configured for up to 8 processors.
4 processors are physically available.
8 processors are logically available.
Processor type: i486 (Intel 80486)
Processors active: 0 1 2 3 4 5 6 7
Primary memory available: 16.00 gigabytes
Default processor set: 298 tasks, 1479 threads, 8 processors
Load average: 2.43, Mach factor: 5.56
/bin/machine           = unknown
/usr/bin/oslevel       = unknown
/bin/universe          = unknown

PATH: /Users/strobolights/workbox/usr/local/bin
PATH: /Users/strobolights/workbox/usr/local/sbin
PATH: /Users/strobolights/workbox/dev/ffigen4/bin/
PATH: /opt/local/bin
PATH: /opt/local/sbin
PATH: /Users/strobolights/workbox/usr/local/bin
PATH: /Users/strobolights/workbox/usr/local/sbin
PATH: /Users/strobolights/workbox/dev/ffigen4/bin/
PATH: /usr/bin
PATH: /bin
PATH: /usr/sbin
PATH: /sbin
PATH: /usr/local/bin
PATH: /opt/X11/bin
PATH: /Applications/adt/ndk/
PATH: /Applications/adt/sdk/tools/
PATH: /Applications/adt/sdk/platform-tools/
PATH: /Users/strobolights/gitrep/GamePlay/bin/macosx/
PATH: /Users/strobolights/Qt5.0.2/5.0.2/clang_64/bin
PATH: /Applications/adt/ndk/toolchains/arm-linux-androideabi-4.7/prebuilt/darwin-x86_64/bin/
PATH: /Applications/VLC.app/Contents/MacOS
PATH: /Applications/adt/ndk/
PATH: /Applications/adt/sdk/tools/
PATH: /Applications/adt/sdk/platform-tools/
PATH: /Users/strobolights/gitrep/GamePlay/bin/macosx/
PATH: /Users/strobolights/Qt5.0.2/5.0.2/clang_64/bin
PATH: /Applications/adt/ndk/toolchains/arm-linux-androideabi-4.7/prebuilt/darwin-x86_64/bin/
PATH: /Applications/VLC.app/Contents/MacOS


## ----------- ##
## Core tests. ##
## ----------- ##

configure:2290: checking for a BSD-compatible install
configure:2358: result: /usr/bin/install -c
configure:2369: checking whether build environment is sane
configure:2419: result: yes
configure:2560: checking for a thread-safe mkdir -p
configure:2599: result: ./install-sh -c -d
configure:2612: checking for gawk
configure:2642: result: no
configure:2612: checking for mawk
configure:2642: result: no
configure:2612: checking for nawk
configure:2642: result: no
configure:2612: checking for awk
configure:2628: found /usr/bin/awk
configure:2639: result: awk
configure:2650: checking whether make sets $(MAKE)
configure:2672: result: yes
configure:2701: checking whether make supports nested variables
configure:2718: result: yes
configure:2792: checking whether to enable maintainer-specific portions of Makefiles
configure:2801: result: no
configure:2877: checking for g++
configure:2893: found /usr/bin/g++
configure:2904: result: g++
configure:2931: checking for C++ compiler version
configure:2940: g++ --version >&5
Apple LLVM version 5.0 (clang-500.2.79) (based on LLVM 3.3svn)
Target: x86_64-apple-darwin13.0.0
Thread model: posix
Configured with: --prefix=/Applications/Xcode.app/Contents/Developer/usr --with-gxx-include-dir=/Applications/Xcode.app/Contents/Developer/Platforms/MacOSX.platform/Developer/SDKs/MacOSX10.9.sdk/usr/include/c++/4.2.1
configure:2951: $? = 0
configure:2940: g++ -v >&5
Configured with: --prefix=/Applications/Xcode.app/Contents/Developer/usr --with-gxx-include-dir=/Applications/Xcode.app/Contents/Developer/Platforms/MacOSX.platform/Developer/SDKs/MacOSX10.9.sdk/usr/include/c++/4.2.1
Apple LLVM version 5.0 (clang-500.2.79) (based on LLVM 3.3svn)
Target: x86_64-apple-darwin13.0.0
Thread model: posix
configure:2951: $? = 0
configure:2940: g++ -V >&5
clang: error: argument to '-V' is missing (expected 1 value)
clang: error: no input files
configure:2951: $? = 1
configure:2940: g++ -qversion >&5
clang: error: no input files
configure:2951: $? = 1
configure:2971: checking whether the C++ compiler works
configure:2993: g++    conftest.cpp  >&5
configure:2997: $? = 0
configure:3045: result: yes
configure:3048: checking for C++ compiler default output file name
configure:3050: result: a.out
configure:3056: checking for suffix of executables
configure:3063: g++ -o conftest    conftest.cpp  >&5
configure:3067: $? = 0
configure:3089: result: 
configure:3111: checking whether we are cross compiling
configure:3119: g++ -o conftest    conftest.cpp  >&5
configure:3123: $? = 0
configure:3130: ./conftest
configure:3134: $? = 0
configure:3149: result: no
configure:3154: checking for suffix of object files
configure:3176: g++ -c   conftest.cpp >&5
configure:3180: $? = 0
configure:3201: result: o
configure:3205: checking whether we are using the GNU C++ compiler
configure:3224: g++ -c   conftest.cpp >&5
configure:3224: $? = 0
configure:3233: result: yes
configure:3242: checking whether g++ accepts -g
configure:3262: g++ -c -g  conftest.cpp >&5
configure:3262: $? = 0
configure:3303: result: yes
configure:3337: checking for style of include used by make
configure:3365: result: GNU
configure:3391: checking dependency style of g++
configure:3502: result: none
configure:3565: checking for gcc
configure:3581: found /usr/bin/gcc
configure:3592: result: gcc
configure:3821: checking for C compiler version
configure:3830: gcc --version >&5
Apple LLVM version 5.0 (clang-500.2.79) (based on LLVM 3.3svn)
Target: x86_64-apple-darwin13.0.0
Thread model: posix
Configured with: --prefix=/Applications/Xcode.app/Contents/Developer/usr --with-gxx-include-dir=/Applications/Xcode.app/Contents/Developer/Platforms/MacOSX.platform/Developer/SDKs/MacOSX10.9.sdk/usr/include/c++/4.2.1
configure:3841: $? = 0
configure:3830: gcc -v >&5
Configured with: --prefix=/Applications/Xcode.app/Contents/Developer/usr --with-gxx-include-dir=/Applications/Xcode.app/Contents/Developer/Platforms/MacOSX.platform/Developer/SDKs/MacOSX10.9.sdk/usr/include/c++/4.2.1
Apple LLVM version 5.0 (clang-500.2.79) (based on LLVM 3.3svn)
Target: x86_64-apple-darwin13.0.0
Thread model: posix
configure:3841: $? = 0
configure:3830: gcc -V >&5
clang: error: argument to '-V' is missing (expected 1 value)
clang: error: no input files
configure:3841: $? = 1
configure:3830: gcc -qversion >&5
clang: error: no input files
configure:3841: $? = 1
configure:3845: checking whether we are using the GNU C compiler
configure:3864: gcc -c   conftest.c >&5
configure:3864: $? = 0
configure:3873: result: yes
configure:3882: checking whether gcc accepts -g
configure:3902: gcc -c -g  conftest.c >&5
configure:3902: $? = 0
configure:3943: result: yes
configure:3960: checking for gcc option to accept ISO C89
configure:4023: gcc  -c -g -O2  conftest.c >&5
configure:4023: $? = 0
configure:4036: result: none needed
configure:4058: checking dependency style of gcc
configure:4169: result: none
configure:4194: checking how to run the C preprocessor
configure:4225: gcc -E  conftest.c
configure:4225: $? = 0
configure:4239: gcc -E  conftest.c
conftest.c:11:10: fatal error: 'ac_nonexistent.h' file not found
#include <ac_nonexistent.h>
         ^
1 error generated.
configure:4239: $? = 1
configure: failed program was:
| /* confdefs.h */
| #define PACKAGE_NAME "uncrustify"
| #define PACKAGE_TARNAME "uncrustify"
| #define PACKAGE_VERSION "0.60"
| #define PACKAGE_STRING "uncrustify 0.60"
| #define PACKAGE_BUGREPORT ""
| #define PACKAGE_URL "http://uncrustify.sourceforge.net/"
| #define PACKAGE "uncrustify"
| #define VERSION "0.60"
| /* end confdefs.h.  */
| #include <ac_nonexistent.h>
configure:4264: result: gcc -E
configure:4284: gcc -E  conftest.c
configure:4284: $? = 0
configure:4298: gcc -E  conftest.c
conftest.c:11:10: fatal error: 'ac_nonexistent.h' file not found
#include <ac_nonexistent.h>
         ^
1 error generated.
configure:4298: $? = 1
configure: failed program was:
| /* confdefs.h */
| #define PACKAGE_NAME "uncrustify"
| #define PACKAGE_TARNAME "uncrustify"
| #define PACKAGE_VERSION "0.60"
| #define PACKAGE_STRING "uncrustify 0.60"
| #define PACKAGE_BUGREPORT ""
| #define PACKAGE_URL "http://uncrustify.sourceforge.net/"
| #define PACKAGE "uncrustify"
| #define VERSION "0.60"
| /* end confdefs.h.  */
| #include <ac_nonexistent.h>
configure:4327: checking for grep that handles long lines and -e
configure:4385: result: /usr/bin/grep
configure:4390: checking for egrep
configure:4452: result: /usr/bin/grep -E
configure:4457: checking for ANSI C header files
configure:4477: gcc -c -g -O2  conftest.c >&5
configure:4477: $? = 0
configure:4550: gcc -o conftest -g -O2   conftest.c  >&5
configure:4550: $? = 0
configure:4550: ./conftest
configure:4550: $? = 0
configure:4561: result: yes
configure:4574: checking for sys/types.h
configure:4574: gcc -c -g -O2  conftest.c >&5
configure:4574: $? = 0
configure:4574: result: yes
configure:4574: checking for sys/stat.h
configure:4574: gcc -c -g -O2  conftest.c >&5
configure:4574: $? = 0
configure:4574: result: yes
configure:4574: checking for stdlib.h
configure:4574: gcc -c -g -O2  conftest.c >&5
configure:4574: $? = 0
configure:4574: result: yes
configure:4574: checking for string.h
configure:4574: gcc -c -g -O2  conftest.c >&5
configure:4574: $? = 0
configure:4574: result: yes
configure:4574: checking for memory.h
configure:4574: gcc -c -g -O2  conftest.c >&5
configure:4574: $? = 0
configure:4574: result: yes
configure:4574: checking for strings.h
configure:4574: gcc -c -g -O2  conftest.c >&5
configure:4574: $? = 0
configure:4574: result: yes
configure:4574: checking for inttypes.h
configure:4574: gcc -c -g -O2  conftest.c >&5
configure:4574: $? = 0
configure:4574: result: yes
configure:4574: checking for stdint.h
configure:4574: gcc -c -g -O2  conftest.c >&5
configure:4574: $? = 0
configure:4574: result: yes
configure:4574: checking for unistd.h
configure:4574: gcc -c -g -O2  conftest.c >&5
configure:4574: $? = 0
configure:4574: result: yes
configure:4589: checking for inttypes.h
configure:4589: result: yes
configure:4589: checking for stdint.h
configure:4589: result: yes
configure:4602: checking utime.h usability
configure:4602: gcc -c -g -O2  conftest.c >&5
configure:4602: $? = 0
configure:4602: result: yes
configure:4602: checking utime.h presence
configure:4602: gcc -E  conftest.c
configure:4602: $? = 0
configure:4602: result: yes
configure:4602: checking for utime.h
configure:4602: result: yes
configure:4614: checking for stdbool.h that conforms to C99
configure:4681: gcc -c -g -O2  conftest.c >&5
configure:4681: $? = 0
configure:4688: result: yes
configure:4690: checking for _Bool
configure:4690: gcc -c -g -O2  conftest.c >&5
configure:4690: $? = 0
configure:4690: gcc -c -g -O2  conftest.c >&5
conftest.c:60:20: error: expected expression
if (sizeof ((_Bool)))
                   ^
1 error generated.
configure:4690: $? = 1
configure: failed program was:
| /* confdefs.h */
| #define PACKAGE_NAME "uncrustify"
| #define PACKAGE_TARNAME "uncrustify"
| #define PACKAGE_VERSION "0.60"
| #define PACKAGE_STRING "uncrustify 0.60"
| #define PACKAGE_BUGREPORT ""
| #define PACKAGE_URL "http://uncrustify.sourceforge.net/"
| #define PACKAGE "uncrustify"
| #define VERSION "0.60"
| #define STDC_HEADERS 1
| #define HAVE_SYS_TYPES_H 1
| #define HAVE_SYS_STAT_H 1
| #define HAVE_STDLIB_H 1
| #define HAVE_STRING_H 1
| #define HAVE_MEMORY_H 1
| #define HAVE_STRINGS_H 1
| #define HAVE_INTTYPES_H 1
| #define HAVE_STDINT_H 1
| #define HAVE_UNISTD_H 1
| #define HAVE_INTTYPES_H 1
| #define HAVE_STDINT_H 1
| #define HAVE_UTIME_H 1
| /* end confdefs.h.  */
| #include <stdio.h>
| #ifdef HAVE_SYS_TYPES_H
| # include <sys/types.h>
| #endif
| #ifdef HAVE_SYS_STAT_H
| # include <sys/stat.h>
| #endif
| #ifdef STDC_HEADERS
| # include <stdlib.h>
| # include <stddef.h>
| #else
| # ifdef HAVE_STDLIB_H
| #  include <stdlib.h>
| # endif
| #endif
| #ifdef HAVE_STRING_H
| # if !defined STDC_HEADERS && defined HAVE_MEMORY_H
| #  include <memory.h>
| # endif
| # include <string.h>
| #endif
| #ifdef HAVE_STRINGS_H
| # include <strings.h>
| #endif
| #ifdef HAVE_INTTYPES_H
| # include <inttypes.h>
| #endif
| #ifdef HAVE_STDINT_H
| # include <stdint.h>
| #endif
| #ifdef HAVE_UNISTD_H
| # include <unistd.h>
| #endif
| int
| main ()
| {
| if (sizeof ((_Bool)))
| 	    return 0;
|   ;
|   return 0;
| }
configure:4690: result: yes
configure:4707: checking for an ANSI C-conforming const
configure:4773: gcc -c -g -O2  conftest.c >&5
configure:4773: $? = 0
configure:4780: result: yes
configure:4788: checking for inline
configure:4804: gcc -c -g -O2  conftest.c >&5
configure:4804: $? = 0
configure:4812: result: inline
configure:4832: checking for working memcmp
configure:4875: gcc -o conftest -g -O2   conftest.c  >&5
configure:4875: $? = 0
configure:4875: ./conftest
configure:4875: $? = 0
configure:4885: result: yes
configure:4897: checking for memset
configure:4897: gcc -o conftest -g -O2   conftest.c  >&5
conftest.c:49:6: warning: incompatible redeclaration of library function 'memset' [-Wincompatible-library-redeclaration]
char memset ();
     ^
conftest.c:49:6: note: 'memset' is a builtin with type 'void *(void *, int, unsigned long)'
1 warning generated.
configure:4897: $? = 0
configure:4897: result: yes
configure:4897: checking for strcasecmp
configure:4897: gcc -o conftest -g -O2   conftest.c  >&5
conftest.c:50:6: warning: incompatible redeclaration of library function 'strcasecmp' [-Wincompatible-library-redeclaration]
char strcasecmp ();
     ^
conftest.c:50:6: note: 'strcasecmp' is a builtin with type 'int (const char *, const char *)'
1 warning generated.
configure:4897: $? = 0
configure:4897: result: yes
configure:4897: checking for strchr
configure:4897: gcc -o conftest -g -O2   conftest.c  >&5
conftest.c:51:6: warning: incompatible redeclaration of library function 'strchr' [-Wincompatible-library-redeclaration]
char strchr ();
     ^
conftest.c:51:6: note: 'strchr' is a builtin with type 'char *(const char *, int)'
1 warning generated.
configure:4897: $? = 0
configure:4897: result: yes
configure:4897: checking for strdup
configure:4897: gcc -o conftest -g -O2   conftest.c  >&5
conftest.c:52:6: warning: incompatible redeclaration of library function 'strdup' [-Wincompatible-library-redeclaration]
char strdup ();
     ^
conftest.c:52:6: note: 'strdup' is a builtin with type 'char *(const char *)'
1 warning generated.
configure:4897: $? = 0
configure:4897: result: yes
configure:4897: checking for strerror
configure:4897: gcc -o conftest -g -O2   conftest.c  >&5
conftest.c:53:6: warning: incompatible redeclaration of library function 'strerror' [-Wincompatible-library-redeclaration]
char strerror ();
     ^
conftest.c:53:6: note: 'strerror' is a builtin with type 'char *(int)'
1 warning generated.
configure:4897: $? = 0
configure:4897: result: yes
configure:4897: checking for strtol
configure:4897: gcc -o conftest -g -O2   conftest.c  >&5
configure:4897: $? = 0
configure:4897: result: yes
configure:4897: checking for strtoul
configure:4897: gcc -o conftest -g -O2   conftest.c  >&5
configure:4897: $? = 0
configure:4897: result: yes
configure:4907: checking whether our compiler supports __func__
configure:4920: gcc -c -g -O2  conftest.c >&5
configure:4920: $? = 0
configure:4921: result: yes
configure:5096: creating ./config.status

## ---------------------- ##
## Running config.status. ##
## ---------------------- ##

This file was extended by uncrustify config.status 0.60, which was
generated by GNU Autoconf 2.69.  Invocation command line was

  CONFIG_FILES    = 
  CONFIG_HEADERS  = 
  CONFIG_LINKS    = 
  CONFIG_COMMANDS = 
  $ ./config.status 

on nekoneko.local

config.status:878: creating Makefile
config.status:878: creating src/Makefile
config.status:878: creating man/Makefile
config.status:878: creating man/uncrustify.1
config.status:878: creating src/uncrustify_version.h
config.status:878: creating src/config.h
config.status:1107: executing depfiles commands

## ---------------- ##
## Cache variables. ##
## ---------------- ##

ac_cv_c_compiler_gnu=yes
ac_cv_c_const=yes
ac_cv_c_inline=inline
ac_cv_cxx_compiler_gnu=yes
ac_cv_env_CCC_set=
ac_cv_env_CCC_value=
ac_cv_env_CC_set=
ac_cv_env_CC_value=
ac_cv_env_CFLAGS_set=
ac_cv_env_CFLAGS_value=
ac_cv_env_CPPFLAGS_set=
ac_cv_env_CPPFLAGS_value=
ac_cv_env_CPP_set=
ac_cv_env_CPP_value=
ac_cv_env_CXXFLAGS_set=
ac_cv_env_CXXFLAGS_value=
ac_cv_env_CXX_set=
ac_cv_env_CXX_value=
ac_cv_env_LDFLAGS_set=
ac_cv_env_LDFLAGS_value=
ac_cv_env_LIBS_set=
ac_cv_env_LIBS_value=
ac_cv_env_build_alias_set=
ac_cv_env_build_alias_value=
ac_cv_env_host_alias_set=
ac_cv_env_host_alias_value=
ac_cv_env_target_alias_set=
ac_cv_env_target_alias_value=
ac_cv_func_memcmp_working=yes
ac_cv_func_memset=yes
ac_cv_func_strcasecmp=yes
ac_cv_func_strchr=yes
ac_cv_func_strdup=yes
ac_cv_func_strerror=yes
ac_cv_func_strtol=yes
ac_cv_func_strtoul=yes
ac_cv_header_inttypes_h=yes
ac_cv_header_memory_h=yes
ac_cv_header_stdbool_h=yes
ac_cv_header_stdc=yes
ac_cv_header_stdint_h=yes
ac_cv_header_stdlib_h=yes
ac_cv_header_string_h=yes
ac_cv_header_strings_h=yes
ac_cv_header_sys_stat_h=yes
ac_cv_header_sys_types_h=yes
ac_cv_header_unistd_h=yes
ac_cv_header_utime_h=yes
ac_cv_objext=o
ac_cv_path_EGREP='/usr/bin/grep -E'
ac_cv_path_GREP=/usr/bin/grep
ac_cv_path_install='/usr/bin/install -c'
ac_cv_prog_AWK=awk
ac_cv_prog_CPP='gcc -E'
ac_cv_prog_ac_ct_CC=gcc
ac_cv_prog_ac_ct_CXX=g++
ac_cv_prog_cc_c89=
ac_cv_prog_cc_g=yes
ac_cv_prog_cxx_g=yes
ac_cv_prog_make_make_set=yes
ac_cv_type__Bool=yes
am_cv_CC_dependencies_compiler_type=none
am_cv_CXX_dependencies_compiler_type=none
am_cv_make_support_nested_variables=yes

## ----------------- ##
## Output variables. ##
## ----------------- ##

ACLOCAL='${SHELL} /Users/strobolights/gitrep/uncrustify/missing --run aclocal-1.11'
AMDEPBACKSLASH='\'
AMDEP_FALSE='#'
AMDEP_TRUE=''
AMTAR='$${TAR-tar}'
AM_BACKSLASH='\'
AM_DEFAULT_V='$(AM_DEFAULT_VERBOSITY)'
AM_DEFAULT_VERBOSITY='0'
AM_V='$(V)'
AUTOCONF='${SHELL} /Users/strobolights/gitrep/uncrustify/missing --run autoconf'
AUTOHEADER='${SHELL} /Users/strobolights/gitrep/uncrustify/missing --run autoheader'
AUTOMAKE='${SHELL} /Users/strobolights/gitrep/uncrustify/missing --run automake-1.11'
AWK='awk'
CC='gcc'
CCDEPMODE='depmode=none'
CFLAGS='-g -O2'
CPP='gcc -E'
CPPFLAGS=''
CXX='g++'
CXXDEPMODE='depmode=none'
CXXFLAGS='-g -O2'
CYGPATH_W='echo'
DEFS='-DHAVE_CONFIG_H'
DEPDIR='.deps'
ECHO_C='\c'
ECHO_N=''
ECHO_T=''
EGREP='/usr/bin/grep -E'
EXEEXT=''
GREP='/usr/bin/grep'
INSTALL_DATA='${INSTALL} -m 644'
INSTALL_PROGRAM='${INSTALL}'
INSTALL_SCRIPT='${INSTALL}'
INSTALL_STRIP_PROGRAM='$(install_sh) -c -s'
LDFLAGS=''
LIBOBJS=''
LIBS=''
LTLIBOBJS=''
MAINT='#'
MAINTAINER_MODE_FALSE=''
MAINTAINER_MODE_TRUE='#'
MAKEINFO='${SHELL} /Users/strobolights/gitrep/uncrustify/missing --run makeinfo'
MKDIR_P='./install-sh -c -d'
OBJEXT='o'
PACKAGE='uncrustify'
PACKAGE_BUGREPORT=''
PACKAGE_NAME='uncrustify'
PACKAGE_STRING='uncrustify 0.60'
PACKAGE_TARNAME='uncrustify'
PACKAGE_URL='http://uncrustify.sourceforge.net/'
PACKAGE_VERSION='0.60'
PATH_SEPARATOR=':'
SET_MAKE=''
SHELL='/bin/sh'
STRIP=''
VERSION='0.60'
ac_ct_CC='gcc'
ac_ct_CXX='g++'
am__EXEEXT_FALSE=''
am__EXEEXT_TRUE='#'
am__fastdepCC_FALSE=''
am__fastdepCC_TRUE='#'
am__fastdepCXX_FALSE=''
am__fastdepCXX_TRUE='#'
am__include='include'
am__isrc=''
am__leading_dot='.'
am__nodep='_no'
am__quote=''
am__tar='$${TAR-tar} chof - "$$tardir"'
am__untar='$${TAR-tar} xf -'
bindir='${exec_prefix}/bin'
build_alias=''
datadir='${datarootdir}'
datarootdir='${prefix}/share'
docdir='${datarootdir}/doc/${PACKAGE_TARNAME}'
dvidir='${docdir}'
exec_prefix='${prefix}'
host_alias=''
htmldir='${docdir}'
includedir='${prefix}/include'
infodir='${datarootdir}/info'
install_sh='${SHELL} /Users/strobolights/gitrep/uncrustify/install-sh'
libdir='${exec_prefix}/lib'
libexecdir='${exec_prefix}/libexec'
localedir='${datarootdir}/locale'
localstatedir='${prefix}/var'
mandir='${datarootdir}/man'
mkdir_p='$(top_builddir)/./install-sh -c -d'
oldincludedir='/usr/include'
pdfdir='${docdir}'
prefix='/usr/local'
program_transform_name='s,x,x,'
psdir='${docdir}'
sbindir='${exec_prefix}/sbin'
sharedstatedir='${prefix}/com'
sysconfdir='${prefix}/etc'
target_alias=''

## ----------- ##
## confdefs.h. ##
## ----------- ##

/* confdefs.h */
#define PACKAGE_NAME "uncrustify"
#define PACKAGE_TARNAME "uncrustify"
#define PACKAGE_VERSION "0.60"
#define PACKAGE_STRING "uncrustify 0.60"
#define PACKAGE_BUGREPORT ""
#define PACKAGE_URL "http://uncrustify.sourceforge.net/"
#define PACKAGE "uncrustify"
#define VERSION "0.60"
#define STDC_HEADERS 1
#define HAVE_SYS_TYPES_H 1
#define HAVE_SYS_STAT_H 1
#define HAVE_STDLIB_H 1
#define HAVE_STRING_H 1
#define HAVE_MEMORY_H 1
#define HAVE_STRINGS_H 1
#define HAVE_INTTYPES_H 1
#define HAVE_STDINT_H 1
#define HAVE_UNISTD_H 1
#define HAVE_INTTYPES_H 1
#define HAVE_STDINT_H 1
#define HAVE_UTIME_H 1
#define HAVE__BOOL 1
#define HAVE_STDBOOL_H 1
#define HAVE_MEMSET 1
#define HAVE_STRCASECMP 1
#define HAVE_STRCHR 1
#define HAVE_STRDUP 1
#define HAVE_STRERROR 1
#define HAVE_STRTOL 1
#define HAVE_STRTOUL 1

configure: exit 0
